<?xml version="1.0" encoding="UTF-8"?>
<testsuite xmlns:xsi="http://www.w3.org/2001/XMLSchema-instance" xsi:noNamespaceSchemaLocation="https://maven.apache.org/surefire/maven-surefire-plugin/xsd/surefire-test-report.xsd" version="3.0.2" name="com.backend.portfolio.PortfolioApplicationTests" time="4.531" tests="1" errors="0" skipped="0" failures="0">
  <properties>
[...]
</properties>
  <testcase name="contextLoads" classname="com.backend.portfolio.PortfolioApplicationTests" time="0.287">
    <system-out><![CDATA[16:05:56.140 [main] INFO org.springframework.test.context.support.AnnotationConfigContextLoaderUtils -- Could not detect default configuration classes for test class [com.backend.portfolio.PortfolioApplicationTests]: PortfolioApplicationTests does not declare any static, non-private, non-final, nested classes annotated with @Configuration.
16:05:56.189 [main] INFO org.springframework.boot.test.context.SpringBootTestContextBootstrapper -- Found @SpringBootConfiguration com.backend.portfolio.PortfolioApplication for test class com.backend.portfolio.PortfolioApplicationTests
16:05:56.253 [main] INFO org.springframework.boot.devtools.restart.RestartApplicationListener -- Restart disabled due to context in which it is running

 ____   ___  ____ _____ _____ ___  _     ___ ___  
|  _ \ / _ \|  _ \_   _|  ___/ _ \| |   |_ _/ _ \ 
| |_) | | | | |_) || | | |_ | | | | |    | | | | |
|  __/| |_| |  _ < | | |  _|| |_| | |___ | | |_| |
|_|    \___/|_| \_\|_| |_|   \___/|_____|___\___/ 

:: Spring Boot ::                (v3.5.6)


2026-01-21T16:05:56.383+05:30  INFO 30470 --- [portfolio] [           main] c.b.portfolio.PortfolioApplicationTests  : Starting PortfolioApplicationTests using Java 21.0.9 with PID 30470 (started by pyawalkar in /Users/pyawalkar/Documents/Personal_Portfolio/backend/portfolio)
2026-01-21T16:05:56.383+05:30 DEBUG 30470 --- [portfolio] [           main] c.b.portfolio.PortfolioApplicationTests  : Running with Spring Boot v3.5.6, Spring v6.2.11
2026-01-21T16:05:56.383+05:30  INFO 30470 --- [portfolio] [           main] c.b.portfolio.PortfolioApplicationTests  : The following 1 profile is active: "local"
2026-01-21T16:05:56.852+05:30  INFO 30470 --- [portfolio] [           main] .s.d.r.c.RepositoryConfigurationDelegate : Bootstrapping Spring Data JPA repositories in DEFAULT mode.
2026-01-21T16:05:56.881+05:30  INFO 30470 --- [portfolio] [           main] .s.d.r.c.RepositoryConfigurationDelegate : Finished Spring Data repository scanning in 25 ms. Found 13 JPA repository interfaces.
2026-01-21T16:05:57.270+05:30  INFO 30470 --- [portfolio] [           main] o.hibernate.jpa.internal.util.LogHelper  : HHH000204: Processing PersistenceUnitInfo [name: default]
2026-01-21T16:05:57.293+05:30  INFO 30470 --- [portfolio] [           main] org.hibernate.Version                    : HHH000412: Hibernate ORM core version 6.6.29.Final
2026-01-21T16:05:57.306+05:30  INFO 30470 --- [portfolio] [           main] o.h.c.internal.RegionFactoryInitiator    : HHH000026: Second-level cache disabled
2026-01-21T16:05:57.409+05:30  INFO 30470 --- [portfolio] [           main] o.s.o.j.p.SpringPersistenceUnitInfo      : No LoadTimeWeaver setup: ignoring JPA class transformer
2026-01-21T16:05:57.421+05:30  INFO 30470 --- [portfolio] [           main] com.zaxxer.hikari.HikariDataSource       : HikariPool-1 - Starting...
2026-01-21T16:05:57.532+05:30  INFO 30470 --- [portfolio] [           main] com.zaxxer.hikari.pool.HikariPool        : HikariPool-1 - Added connection org.postgresql.jdbc.PgConnection@1ff23bd1
2026-01-21T16:05:57.532+05:30  INFO 30470 --- [portfolio] [           main] com.zaxxer.hikari.HikariDataSource       : HikariPool-1 - Start completed.
2026-01-21T16:05:57.559+05:30  WARN 30470 --- [portfolio] [           main] org.hibernate.orm.deprecation            : HHH90000025: PostgreSQLDialect does not need to be specified explicitly using 'hibernate.dialect' (remove the property setting and it will be selected by default)
2026-01-21T16:05:57.569+05:30  INFO 30470 --- [portfolio] [           main] org.hibernate.orm.connections.pooling    : HHH10001005: Database info:
	Database JDBC URL [Connecting through datasource 'HikariDataSource (HikariPool-1)']
	Database driver: undefined/unknown
	Database version: 18.0
	Autocommit mode: undefined/unknown
	Isolation level: undefined/unknown
	Minimum pool size: undefined/unknown
	Maximum pool size: undefined/unknown
2026-01-21T16:05:58.047+05:30  INFO 30470 --- [portfolio] [           main] o.h.e.t.j.p.i.JtaPlatformInitiator       : HHH000489: No JTA platform available (set 'hibernate.transaction.jta.platform' to enable JTA platform integration)
2026-01-21T16:05:58.578+05:30  INFO 30470 --- [portfolio] [           main] j.LocalContainerEntityManagerFactoryBean : Initialized JPA EntityManagerFactory for persistence unit 'default'
2026-01-21T16:05:58.959+05:30  INFO 30470 --- [portfolio] [           main] o.s.d.j.r.query.QueryEnhancerFactory     : Hibernate is in classpath; If applicable, HQL parser will be used.
2026-01-21T16:05:59.776+05:30  INFO 30470 --- [portfolio] [           main] o.s.b.a.e.web.EndpointLinksResolver      : Exposing 1 endpoint beneath base path '/actuator'
2026-01-21T16:05:59.801+05:30  INFO 30470 --- [portfolio] [           main] r$InitializeUserDetailsManagerConfigurer : Global AuthenticationManager configured with UserDetailsService bean with name adminUserDetailsService
2026-01-21T16:06:00.269+05:30  INFO 30470 --- [portfolio] [           main] c.b.portfolio.PortfolioApplicationTests  : Started PortfolioApplicationTests in 4.02 seconds (process running for 4.447)
]]></system-out>
  </testcase>
</testsuite>